{"name": "test_logout", "status": "broken", "statusDetails": {"message": "selenium.common.exceptions.TimeoutException: Message:", "trace": "driver = <selenium.webdriver.chrome.webdriver.WebDriver (session=\"9f581c18038b31f54b03b188273a7384\")>\n\n    def test_logout(driver):\n        driver.get(BASE_URL)\n    \n        login(driver, \"tomsmith\", \"SuperSecretPassword!\")\n    \n        logout_button = WebDriverWait(driver, 10).until(\n            EC.element_to_be_clickable((By.CSS_SELECTOR, \"a.button.secondary.radius\"))\n        )\n        logout_button.click()\n    \n        # Wait until we are back on the login page\n>       WebDriverWait(driver, 10).until(\n            EC.url_contains(\"/login\")\n        )\n\nautomation_tests\\test_login.py:60: \n_ _ _ _ _ _ _ _ _ _ _ _ _ _ _ _ _ _ _ _ _ _ _ _ _ _ _ _ _ _ _ _ _ _ _ _ _ _ _ _ _ _ _ _ _ _ _ _ _ _ _ _ _ _ _ _ _ _ _ _ _ _ _ _ _ _ _ _ _ _ _ _ _ _ _ _ _ _ _ _ _ _ _ _ _ _ _ _ _ _\n\nself = <selenium.webdriver.support.wait.WebDriverWait (session=\"9f581c18038b31f54b03b188273a7384\")>, method = <function url_contains.<locals>._predicate at 0x000002DE0EC12AC0>\nmessage = ''\n\n    def until(self, method: Callable[[D], Literal[False] | T], message: str = \"\") -> T:\n        \"\"\"Wait until the method returns a value that is not False.\n    \n        Calls the method provided with the driver as an argument until the\n        return value does not evaluate to ``False``.\n    \n        Args:\n            method: A callable object that takes a WebDriver instance as an\n                argument.\n            message: Optional message for TimeoutException.\n    \n        Returns:\n            The result of the last call to `method`.\n    \n        Raises:\n            TimeoutException: If 'method' does not return a truthy value within\n                the WebDriverWait object's timeout.\n    \n        Example:\n            >>> from selenium.webdriver.common.by import By\n            >>> from selenium.webdriver.support.ui import WebDriverWait\n            >>> from selenium.webdriver.support import expected_conditions as EC\n            >>>\n            >>> # Wait until an element is visible on the page\n            >>> wait = WebDriverWait(driver, 10)\n            >>> element = wait.until(EC.visibility_of_element_located((By.ID, \"exampleId\")))\n            >>> print(element.text)\n        \"\"\"\n        screen = None\n        stacktrace = None\n    \n        end_time = time.monotonic() + self._timeout\n        while True:\n            try:\n                value = method(self._driver)\n                if value:\n                    return value\n            except self._ignored_exceptions as exc:\n                screen = getattr(exc, \"screen\", None)\n                stacktrace = getattr(exc, \"stacktrace\", None)\n            if time.monotonic() > end_time:\n                break\n            time.sleep(self._poll)\n>       raise TimeoutException(message, screen, stacktrace)\nE       selenium.common.exceptions.TimeoutException: Message:\n\n.venv\\Lib\\site-packages\\selenium\\webdriver\\support\\wait.py:121: TimeoutException"}, "start": 1770666564598, "stop": 1770666576655, "uuid": "5f6b2901-2693-4740-846d-3aad5ad7b5f5", "historyId": "e823e18c007f670a190f77287730369c", "testCaseId": "e823e18c007f670a190f77287730369c", "fullName": "automation_tests.test_login#test_logout", "labels": [{"name": "parentSuite", "value": "automation_tests"}, {"name": "suite", "value": "test_login"}, {"name": "host", "value": "DESKTOP-0SH7M4G"}, {"name": "thread", "value": "25016-MainThread"}, {"name": "framework", "value": "pytest"}, {"name": "language", "value": "cpython3"}, {"name": "package", "value": "automation_tests.test_login"}], "titlePath": ["automation_tests", "test_login.py"]}