{"name": "test_empty_credentials", "status": "broken", "statusDetails": {"message": "selenium.common.exceptions.NoSuchElementException: Message: no such element: Unable to locate element: {\"method\":\"css selector\",\"selector\":\"[id=\"flash\"]\"}\n  (Session info: chrome=144.0.7559.110); For documentation on this error, please visit: https://www.selenium.dev/documentation/webdriver/troubleshooting/errors#nosuchelementexception\nStacktrace:\nSymbols not available. Dumping unresolved backtrace:\n\t0x7ff67528f3d5\n\t0x7ff67528f430\n\t0x7ff6750310bd\n\t0x7ff67508c2fe\n\t0x7ff67508c60c\n\t0x7ff6750dd187\n\t0x7ff6750d9d08\n\t0x7ff67507cb0c\n\t0x7ff67507da53\n\t0x7ff67556b470\n\t0x7ff67556586d\n\t0x7ff67558621a\n\t0x7ff6752ab235\n\t0x7ff6752b3a5c\n\t0x7ff675298844\n\t0x7ff6752989f6\n\t0x7ff67527eb87\n\t0x7ffb4927e8d7\n\t0x7ffb4a9cc53c", "trace": "driver = <selenium.webdriver.chrome.webdriver.WebDriver (session=\"7a5b2b404a8ce5759b2f70771fbe67e9\")>\n\n    def test_empty_credentials(driver):\n        driver.get(BASE_URL)\n    \n        login(driver, \"\", \"\")\n    \n>       message = get_flash_message(driver)\n                  ^^^^^^^^^^^^^^^^^^^^^^^^^\n\nautomation_tests\\test_login.py:45: \n_ _ _ _ _ _ _ _ _ _ _ _ _ _ _ _ _ _ _ _ _ _ _ _ _ _ _ _ _ _ _ _ _ _ _ _ _ _ _ _ _ _ _ _ _ _ _ _ _ _ _ _ _ _ _ _ _ _ _ _ _ _ _ _ _ _ _ _ _ _ _ _ _ _ _ _ _ _ _ _ _ _ _ _ _ _ _ _ _ _\nautomation_tests\\test_login.py:16: in get_flash_message\n    return driver.find_element(By.ID, \"flash\").text\n           ^^^^^^^^^^^^^^^^^^^^^^^^^^^^^^^^^^^\n.venv\\Lib\\site-packages\\selenium\\webdriver\\remote\\webdriver.py:802: in find_element\n    return self.execute(Command.FIND_ELEMENT, {\"using\": by, \"value\": value})[\"value\"]\n           ^^^^^^^^^^^^^^^^^^^^^^^^^^^^^^^^^^^^^^^^^^^^^^^^^^^^^^^^^^^^^^^^^\n.venv\\Lib\\site-packages\\selenium\\webdriver\\remote\\webdriver.py:432: in execute\n    self.error_handler.check_response(response)\n_ _ _ _ _ _ _ _ _ _ _ _ _ _ _ _ _ _ _ _ _ _ _ _ _ _ _ _ _ _ _ _ _ _ _ _ _ _ _ _ _ _ _ _ _ _ _ _ _ _ _ _ _ _ _ _ _ _ _ _ _ _ _ _ _ _ _ _ _ _ _ _ _ _ _ _ _ _ _ _ _ _ _ _ _ _ _ _ _ _\n\nself = <selenium.webdriver.remote.errorhandler.ErrorHandler object at 0x000002AEA306CF30>\nresponse = {'status': 404, 'value': '{\"value\":{\"error\":\"no such element\",\"message\":\"no such element: Unable to locate element: {\\...ff6752b3a5c\\\\n\\\\t0x7ff675298844\\\\n\\\\t0x7ff6752989f6\\\\n\\\\t0x7ff67527eb87\\\\n\\\\t0x7ffb4927e8d7\\\\n\\\\t0x7ffb4a9cc53c\\\\n\"}}'}\n\n    def check_response(self, response: dict[str, Any]) -> None:\n        \"\"\"Check that a JSON response from the WebDriver does not have an error.\n    \n        Args:\n            response: The JSON response from the WebDriver server as a dictionary\n                object.\n    \n        Raises:\n            WebDriverException: If the response contains an error message.\n        \"\"\"\n        status = response.get(\"status\", None)\n        if not status or status == ErrorCode.SUCCESS:\n            return\n        value = None\n        message = response.get(\"message\", \"\")\n        screen: str = response.get(\"screen\", \"\")\n        stacktrace = None\n        if isinstance(status, int):\n            value_json = response.get(\"value\", None)\n            if value_json and isinstance(value_json, str):\n                try:\n                    value = json.loads(value_json)\n                    if isinstance(value, dict):\n                        if len(value) == 1:\n                            value = value[\"value\"]\n                        status = value.get(\"error\", None)\n                        if not status:\n                            status = value.get(\"status\", ErrorCode.UNKNOWN_ERROR)\n                            message = value.get(\"value\") or value.get(\"message\")\n                            if not isinstance(message, str):\n                                value = message\n                                message = message.get(\"message\") if isinstance(message, dict) else None\n                        else:\n                            message = value.get(\"message\", None)\n                except ValueError:\n                    pass\n    \n        exception_class: type[WebDriverException]\n        e = ErrorCode()\n        error_codes = [item for item in dir(e) if not item.startswith(\"__\")]\n        for error_code in error_codes:\n            error_info = getattr(ErrorCode, error_code)\n            if isinstance(error_info, list) and status in error_info:\n                exception_class = getattr(ExceptionMapping, error_code, WebDriverException)\n                break\n        else:\n            exception_class = WebDriverException\n    \n        if not value:\n            value = response[\"value\"]\n        if isinstance(value, str):\n            raise exception_class(value)\n        if message == \"\" and \"message\" in value:\n            message = value[\"message\"]\n    \n        screen = None  # type: ignore[assignment]\n        if \"screen\" in value:\n            screen = value[\"screen\"]\n    \n        stacktrace = None\n        st_value = value.get(\"stackTrace\") or value.get(\"stacktrace\")\n        if st_value:\n            if isinstance(st_value, str):\n                stacktrace = st_value.split(\"\\n\")\n            else:\n                stacktrace = []\n                try:\n                    for frame in st_value:\n                        line = frame.get(\"lineNumber\", \"\")\n                        file = frame.get(\"fileName\", \"<anonymous>\")\n                        if line:\n                            file = f\"{file}:{line}\"\n                        meth = frame.get(\"methodName\", \"<anonymous>\")\n                        if \"className\" in frame:\n                            meth = f\"{frame['className']}.{meth}\"\n                        msg = \"    at %s (%s)\"\n                        msg = msg % (meth, file)\n                        stacktrace.append(msg)\n                except TypeError:\n                    pass\n        if exception_class == UnexpectedAlertPresentException:\n            alert_text = None\n            if \"data\" in value:\n                alert_text = value[\"data\"].get(\"text\")\n            elif \"alert\" in value:\n                alert_text = value[\"alert\"].get(\"text\")\n            raise exception_class(message, screen, stacktrace, alert_text)  # type: ignore[call-arg]  # mypy is not smart enough here\n>       raise exception_class(message, screen, stacktrace)\nE       selenium.common.exceptions.NoSuchElementException: Message: no such element: Unable to locate element: {\"method\":\"css selector\",\"selector\":\"[id=\"flash\"]\"}\nE         (Session info: chrome=144.0.7559.110); For documentation on this error, please visit: https://www.selenium.dev/documentation/webdriver/troubleshooting/errors#nosuchelementexception\nE       Stacktrace:\nE       Symbols not available. Dumping unresolved backtrace:\nE       \t0x7ff67528f3d5\nE       \t0x7ff67528f430\nE       \t0x7ff6750310bd\nE       \t0x7ff67508c2fe\nE       \t0x7ff67508c60c\nE       \t0x7ff6750dd187\nE       \t0x7ff6750d9d08\nE       \t0x7ff67507cb0c\nE       \t0x7ff67507da53\nE       \t0x7ff67556b470\nE       \t0x7ff67556586d\nE       \t0x7ff67558621a\nE       \t0x7ff6752ab235\nE       \t0x7ff6752b3a5c\nE       \t0x7ff675298844\nE       \t0x7ff6752989f6\nE       \t0x7ff67527eb87\nE       \t0x7ffb4927e8d7\nE       \t0x7ffb4a9cc53c\n\n.venv\\Lib\\site-packages\\selenium\\webdriver\\remote\\errorhandler.py:232: NoSuchElementException"}, "start": 1770666280163, "stop": 1770666281131, "uuid": "cf1e3680-da8b-4700-9cac-1813ae4ada5e", "historyId": "e70991a333333f7a4ab01e0b81ad30fb", "testCaseId": "e70991a333333f7a4ab01e0b81ad30fb", "fullName": "automation_tests.test_login#test_empty_credentials", "labels": [{"name": "parentSuite", "value": "automation_tests"}, {"name": "suite", "value": "test_login"}, {"name": "host", "value": "DESKTOP-0SH7M4G"}, {"name": "thread", "value": "5832-MainThread"}, {"name": "framework", "value": "pytest"}, {"name": "language", "value": "cpython3"}, {"name": "package", "value": "automation_tests.test_login"}], "titlePath": ["automation_tests", "test_login.py"]}